<?xml version="1.0" encoding="UTF-8"?>
<testsuite xmlns:xsi="http://www.w3.org/2001/XMLSchema-instance" xsi:noNamespaceSchemaLocation="https://maven.apache.org/surefire/maven-surefire-plugin/xsd/surefire-test-report.xsd" name="nlp.floschne.thumbnailAnnotator.core.thumbnailCrawler.source.ShutterstockSourceTest" time="2.664" tests="2" errors="0" skipped="0" failures="0">
  <properties>
    <property name="sun.desktop" value="gnome"/>
    <property name="awt.toolkit" value="sun.awt.X11.XToolkit"/>
    <property name="file.encoding.pkg" value="sun.io"/>
    <property name="java.specification.version" value="1.8"/>
    <property name="sun.cpu.isalist" value=""/>
    <property name="sun.jnu.encoding" value="UTF-8"/>
    <property name="java.class.path" value="/home/p0w3r/gitrepos/NLP_ThumbnailAnnotator/thumbnailAnnotator.parent/thumbnailAnnotator.core/target/test-classes:/home/p0w3r/gitrepos/NLP_ThumbnailAnnotator/thumbnailAnnotator.parent/thumbnailAnnotator.core/target/classes:/home/p0w3r/.m2/repository/de/tudarmstadt/ukp/dkpro/core/de.tudarmstadt.ukp.dkpro.core.tokit-asl/1.9.2/de.tudarmstadt.ukp.dkpro.core.tokit-asl-1.9.2.jar:/home/p0w3r/.m2/repository/org/apache/uima/uimaj-core/2.10.2/uimaj-core-2.10.2.jar:/home/p0w3r/.m2/repository/org/apache/uima/uimafit-core/2.4.0/uimafit-core-2.4.0.jar:/home/p0w3r/.m2/repository/commons-lang/commons-lang/2.6/commons-lang-2.6.jar:/home/p0w3r/.m2/repository/commons-logging/commons-logging-api/1.1/commons-logging-api-1.1.jar:/home/p0w3r/.m2/repository/org/springframework/spring-core/3.2.16.RELEASE/spring-core-3.2.16.RELEASE.jar:/home/p0w3r/.m2/repository/org/springframework/spring-context/3.2.16.RELEASE/spring-context-3.2.16.RELEASE.jar:/home/p0w3r/.m2/repository/org/springframework/spring-aop/3.2.16.RELEASE/spring-aop-3.2.16.RELEASE.jar:/home/p0w3r/.m2/repository/aopalliance/aopalliance/1.0/aopalliance-1.0.jar:/home/p0w3r/.m2/repository/org/springframework/spring-expression/3.2.16.RELEASE/spring-expression-3.2.16.RELEASE.jar:/home/p0w3r/.m2/repository/org/springframework/spring-beans/3.2.16.RELEASE/spring-beans-3.2.16.RELEASE.jar:/home/p0w3r/.m2/repository/commons-jxpath/commons-jxpath/1.3/commons-jxpath-1.3.jar:/home/p0w3r/.m2/repository/de/tudarmstadt/ukp/dkpro/core/de.tudarmstadt.ukp.dkpro.core.api.segmentation-asl/1.9.2/de.tudarmstadt.ukp.dkpro.core.api.segmentation-asl-1.9.2.jar:/home/p0w3r/.m2/repository/de/tudarmstadt/ukp/dkpro/core/de.tudarmstadt.ukp.dkpro.core.api.resources-asl/1.9.2/de.tudarmstadt.ukp.dkpro.core.api.resources-asl-1.9.2.jar:/home/p0w3r/.m2/repository/org/apache/commons/commons-compress/1.16.1/commons-compress-1.16.1.jar:/home/p0w3r/.m2/repository/org/objenesis/objenesis/2.6/objenesis-2.6.jar:/home/p0w3r/.m2/repository/org/apache/maven/maven-model/3.0.5/maven-model-3.0.5.jar:/home/p0w3r/.m2/repository/org/apache/ivy/ivy/2.4.0/ivy-2.4.0.jar:/home/p0w3r/.m2/repository/org/codehaus/plexus/plexus-utils/2.0.6/plexus-utils-2.0.6.jar:/home/p0w3r/.m2/repository/org/tukaani/xz/1.8/xz-1.8.jar:/home/p0w3r/.m2/repository/de/tudarmstadt/ukp/dkpro/core/de.tudarmstadt.ukp.dkpro.core.api.lexmorph-asl/1.9.2/de.tudarmstadt.ukp.dkpro.core.api.lexmorph-asl-1.9.2.jar:/home/p0w3r/.m2/repository/de/tudarmstadt/ukp/dkpro/core/de.tudarmstadt.ukp.dkpro.core.api.featurepath-asl/1.9.2/de.tudarmstadt.ukp.dkpro.core.api.featurepath-asl-1.9.2.jar:/home/p0w3r/.m2/repository/eu/openminted/share/annotations/omtd-share-annotations-api/3.0.2.7/omtd-share-annotations-api-3.0.2.7.jar:/home/p0w3r/.m2/repository/de/tudarmstadt/ukp/dkpro/core/de.tudarmstadt.ukp.dkpro.core.api.parameter-asl/1.9.2/de.tudarmstadt.ukp.dkpro.core.api.parameter-asl-1.9.2.jar:/home/p0w3r/.m2/repository/de/tudarmstadt/ukp/dkpro/core/de.tudarmstadt.ukp.dkpro.core.clearnlp-asl/1.9.2/de.tudarmstadt.ukp.dkpro.core.clearnlp-asl-1.9.2.jar:/home/p0w3r/.m2/repository/com/clearnlp/clearnlp/2.0.2/clearnlp-2.0.2.jar:/home/p0w3r/.m2/repository/args4j/args4j/2.0.23/args4j-2.0.23.jar:/home/p0w3r/.m2/repository/log4j/log4j/1.2.17/log4j-1.2.17.jar:/home/p0w3r/.m2/repository/net/sourceforge/jregex/jregex/1.2_01/jregex-1.2_01.jar:/home/p0w3r/.m2/repository/com/carrotsearch/hppc/0.5.2/hppc-0.5.2.jar:/home/p0w3r/.m2/repository/com/google/guava/guava/14.0.1/guava-14.0.1.jar:/home/p0w3r/.m2/repository/de/tudarmstadt/ukp/dkpro/core/de.tudarmstadt.ukp.dkpro.core.api.syntax-asl/1.9.2/de.tudarmstadt.ukp.dkpro.core.api.syntax-asl-1.9.2.jar:/home/p0w3r/.m2/repository/de/tudarmstadt/ukp/dkpro/core/de.tudarmstadt.ukp.dkpro.core.api.semantics-asl/1.9.2/de.tudarmstadt.ukp.dkpro.core.api.semantics-asl-1.9.2.jar:/home/p0w3r/.m2/repository/de/tudarmstadt/ukp/dkpro/core/de.tudarmstadt.ukp.dkpro.core.api.metadata-asl/1.9.2/de.tudarmstadt.ukp.dkpro.core.api.metadata-asl-1.9.2.jar:/home/p0w3r/.m2/repository/org/apache/uima/uimaj-document-annotation/2.10.2/uimaj-document-annotation-2.10.2.jar:/home/p0w3r/.m2/repository/commons-io/commons-io/2.6/commons-io-2.6.jar:/home/p0w3r/.m2/repository/de/tudarmstadt/ukp/dkpro/core/de.tudarmstadt.ukp.dkpro.core.opennlp-asl/1.9.2/de.tudarmstadt.ukp.dkpro.core.opennlp-asl-1.9.2.jar:/home/p0w3r/.m2/repository/org/apache/opennlp/opennlp-tools/1.8.4/opennlp-tools-1.8.4.jar:/home/p0w3r/.m2/repository/it/unimi/dsi/fastutil/7.0.13/fastutil-7.0.13.jar:/home/p0w3r/.m2/repository/de/tudarmstadt/ukp/dkpro/core/de.tudarmstadt.ukp.dkpro.core.api.io-asl/1.9.2/de.tudarmstadt.ukp.dkpro.core.api.io-asl-1.9.2.jar:/home/p0w3r/.m2/repository/org/apache/ant/ant/1.10.2/ant-1.10.2.jar:/home/p0w3r/.m2/repository/org/apache/ant/ant-launcher/1.10.2/ant-launcher-1.10.2.jar:/home/p0w3r/.m2/repository/de/tudarmstadt/ukp/dkpro/core/de.tudarmstadt.ukp.dkpro.core.api.ner-asl/1.9.2/de.tudarmstadt.ukp.dkpro.core.api.ner-asl-1.9.2.jar:/home/p0w3r/.m2/repository/org/apache/httpcomponents/httpclient/4.5.5/httpclient-4.5.5.jar:/home/p0w3r/.m2/repository/org/apache/httpcomponents/httpcore/4.4.9/httpcore-4.4.9.jar:/home/p0w3r/.m2/repository/commons-logging/commons-logging/1.2/commons-logging-1.2.jar:/home/p0w3r/.m2/repository/commons-codec/commons-codec/1.11/commons-codec-1.11.jar:/home/p0w3r/.m2/repository/com/google/code/gson/gson/2.8.0/gson-2.8.0.jar:/home/p0w3r/.m2/repository/org/projectlombok/lombok/1.18.0/lombok-1.18.0.jar:/home/p0w3r/.m2/repository/junit/junit/4.12/junit-4.12.jar:/home/p0w3r/.m2/repository/org/hamcrest/hamcrest-core/1.3/hamcrest-core-1.3.jar:/home/p0w3r/.m2/repository/org/apache/commons/commons-lang3/3.1/commons-lang3-3.1.jar:"/>
    <property name="java.vm.vendor" value="Oracle Corporation"/>
    <property name="sun.arch.data.model" value="64"/>
    <property name="java.vendor.url" value="http://java.oracle.com/"/>
    <property name="user.timezone" value=""/>
    <property name="java.vm.specification.version" value="1.8"/>
    <property name="os.name" value="Linux"/>
    <property name="user.country" value="US"/>
    <property name="sun.java.launcher" value="SUN_STANDARD"/>
    <property name="sun.boot.library.path" value="/usr/lib/jvm/java-8-oracle/jre/lib/amd64"/>
    <property name="sun.java.command" value="/home/p0w3r/gitrepos/NLP_ThumbnailAnnotator/thumbnailAnnotator.parent/thumbnailAnnotator.core/target/surefire/surefirebooter6632763170977228126.jar /home/p0w3r/gitrepos/NLP_ThumbnailAnnotator/thumbnailAnnotator.parent/thumbnailAnnotator.core/target/surefire 2018-08-06T17-40-40_162-jvmRun1 surefire4805108072206331449tmp surefire_08343108309285580117tmp"/>
    <property name="surefire.test.class.path" value="/home/p0w3r/gitrepos/NLP_ThumbnailAnnotator/thumbnailAnnotator.parent/thumbnailAnnotator.core/target/test-classes:/home/p0w3r/gitrepos/NLP_ThumbnailAnnotator/thumbnailAnnotator.parent/thumbnailAnnotator.core/target/classes:/home/p0w3r/.m2/repository/de/tudarmstadt/ukp/dkpro/core/de.tudarmstadt.ukp.dkpro.core.tokit-asl/1.9.2/de.tudarmstadt.ukp.dkpro.core.tokit-asl-1.9.2.jar:/home/p0w3r/.m2/repository/org/apache/uima/uimaj-core/2.10.2/uimaj-core-2.10.2.jar:/home/p0w3r/.m2/repository/org/apache/uima/uimafit-core/2.4.0/uimafit-core-2.4.0.jar:/home/p0w3r/.m2/repository/commons-lang/commons-lang/2.6/commons-lang-2.6.jar:/home/p0w3r/.m2/repository/commons-logging/commons-logging-api/1.1/commons-logging-api-1.1.jar:/home/p0w3r/.m2/repository/org/springframework/spring-core/3.2.16.RELEASE/spring-core-3.2.16.RELEASE.jar:/home/p0w3r/.m2/repository/org/springframework/spring-context/3.2.16.RELEASE/spring-context-3.2.16.RELEASE.jar:/home/p0w3r/.m2/repository/org/springframework/spring-aop/3.2.16.RELEASE/spring-aop-3.2.16.RELEASE.jar:/home/p0w3r/.m2/repository/aopalliance/aopalliance/1.0/aopalliance-1.0.jar:/home/p0w3r/.m2/repository/org/springframework/spring-expression/3.2.16.RELEASE/spring-expression-3.2.16.RELEASE.jar:/home/p0w3r/.m2/repository/org/springframework/spring-beans/3.2.16.RELEASE/spring-beans-3.2.16.RELEASE.jar:/home/p0w3r/.m2/repository/commons-jxpath/commons-jxpath/1.3/commons-jxpath-1.3.jar:/home/p0w3r/.m2/repository/de/tudarmstadt/ukp/dkpro/core/de.tudarmstadt.ukp.dkpro.core.api.segmentation-asl/1.9.2/de.tudarmstadt.ukp.dkpro.core.api.segmentation-asl-1.9.2.jar:/home/p0w3r/.m2/repository/de/tudarmstadt/ukp/dkpro/core/de.tudarmstadt.ukp.dkpro.core.api.resources-asl/1.9.2/de.tudarmstadt.ukp.dkpro.core.api.resources-asl-1.9.2.jar:/home/p0w3r/.m2/repository/org/apache/commons/commons-compress/1.16.1/commons-compress-1.16.1.jar:/home/p0w3r/.m2/repository/org/objenesis/objenesis/2.6/objenesis-2.6.jar:/home/p0w3r/.m2/repository/org/apache/maven/maven-model/3.0.5/maven-model-3.0.5.jar:/home/p0w3r/.m2/repository/org/apache/ivy/ivy/2.4.0/ivy-2.4.0.jar:/home/p0w3r/.m2/repository/org/codehaus/plexus/plexus-utils/2.0.6/plexus-utils-2.0.6.jar:/home/p0w3r/.m2/repository/org/tukaani/xz/1.8/xz-1.8.jar:/home/p0w3r/.m2/repository/de/tudarmstadt/ukp/dkpro/core/de.tudarmstadt.ukp.dkpro.core.api.lexmorph-asl/1.9.2/de.tudarmstadt.ukp.dkpro.core.api.lexmorph-asl-1.9.2.jar:/home/p0w3r/.m2/repository/de/tudarmstadt/ukp/dkpro/core/de.tudarmstadt.ukp.dkpro.core.api.featurepath-asl/1.9.2/de.tudarmstadt.ukp.dkpro.core.api.featurepath-asl-1.9.2.jar:/home/p0w3r/.m2/repository/eu/openminted/share/annotations/omtd-share-annotations-api/3.0.2.7/omtd-share-annotations-api-3.0.2.7.jar:/home/p0w3r/.m2/repository/de/tudarmstadt/ukp/dkpro/core/de.tudarmstadt.ukp.dkpro.core.api.parameter-asl/1.9.2/de.tudarmstadt.ukp.dkpro.core.api.parameter-asl-1.9.2.jar:/home/p0w3r/.m2/repository/de/tudarmstadt/ukp/dkpro/core/de.tudarmstadt.ukp.dkpro.core.clearnlp-asl/1.9.2/de.tudarmstadt.ukp.dkpro.core.clearnlp-asl-1.9.2.jar:/home/p0w3r/.m2/repository/com/clearnlp/clearnlp/2.0.2/clearnlp-2.0.2.jar:/home/p0w3r/.m2/repository/args4j/args4j/2.0.23/args4j-2.0.23.jar:/home/p0w3r/.m2/repository/log4j/log4j/1.2.17/log4j-1.2.17.jar:/home/p0w3r/.m2/repository/net/sourceforge/jregex/jregex/1.2_01/jregex-1.2_01.jar:/home/p0w3r/.m2/repository/com/carrotsearch/hppc/0.5.2/hppc-0.5.2.jar:/home/p0w3r/.m2/repository/com/google/guava/guava/14.0.1/guava-14.0.1.jar:/home/p0w3r/.m2/repository/de/tudarmstadt/ukp/dkpro/core/de.tudarmstadt.ukp.dkpro.core.api.syntax-asl/1.9.2/de.tudarmstadt.ukp.dkpro.core.api.syntax-asl-1.9.2.jar:/home/p0w3r/.m2/repository/de/tudarmstadt/ukp/dkpro/core/de.tudarmstadt.ukp.dkpro.core.api.semantics-asl/1.9.2/de.tudarmstadt.ukp.dkpro.core.api.semantics-asl-1.9.2.jar:/home/p0w3r/.m2/repository/de/tudarmstadt/ukp/dkpro/core/de.tudarmstadt.ukp.dkpro.core.api.metadata-asl/1.9.2/de.tudarmstadt.ukp.dkpro.core.api.metadata-asl-1.9.2.jar:/home/p0w3r/.m2/repository/org/apache/uima/uimaj-document-annotation/2.10.2/uimaj-document-annotation-2.10.2.jar:/home/p0w3r/.m2/repository/commons-io/commons-io/2.6/commons-io-2.6.jar:/home/p0w3r/.m2/repository/de/tudarmstadt/ukp/dkpro/core/de.tudarmstadt.ukp.dkpro.core.opennlp-asl/1.9.2/de.tudarmstadt.ukp.dkpro.core.opennlp-asl-1.9.2.jar:/home/p0w3r/.m2/repository/org/apache/opennlp/opennlp-tools/1.8.4/opennlp-tools-1.8.4.jar:/home/p0w3r/.m2/repository/it/unimi/dsi/fastutil/7.0.13/fastutil-7.0.13.jar:/home/p0w3r/.m2/repository/de/tudarmstadt/ukp/dkpro/core/de.tudarmstadt.ukp.dkpro.core.api.io-asl/1.9.2/de.tudarmstadt.ukp.dkpro.core.api.io-asl-1.9.2.jar:/home/p0w3r/.m2/repository/org/apache/ant/ant/1.10.2/ant-1.10.2.jar:/home/p0w3r/.m2/repository/org/apache/ant/ant-launcher/1.10.2/ant-launcher-1.10.2.jar:/home/p0w3r/.m2/repository/de/tudarmstadt/ukp/dkpro/core/de.tudarmstadt.ukp.dkpro.core.api.ner-asl/1.9.2/de.tudarmstadt.ukp.dkpro.core.api.ner-asl-1.9.2.jar:/home/p0w3r/.m2/repository/org/apache/httpcomponents/httpclient/4.5.5/httpclient-4.5.5.jar:/home/p0w3r/.m2/repository/org/apache/httpcomponents/httpcore/4.4.9/httpcore-4.4.9.jar:/home/p0w3r/.m2/repository/commons-logging/commons-logging/1.2/commons-logging-1.2.jar:/home/p0w3r/.m2/repository/commons-codec/commons-codec/1.11/commons-codec-1.11.jar:/home/p0w3r/.m2/repository/com/google/code/gson/gson/2.8.0/gson-2.8.0.jar:/home/p0w3r/.m2/repository/org/projectlombok/lombok/1.18.0/lombok-1.18.0.jar:/home/p0w3r/.m2/repository/junit/junit/4.12/junit-4.12.jar:/home/p0w3r/.m2/repository/org/hamcrest/hamcrest-core/1.3/hamcrest-core-1.3.jar:/home/p0w3r/.m2/repository/org/apache/commons/commons-lang3/3.1/commons-lang3-3.1.jar:"/>
    <property name="sun.cpu.endian" value="little"/>
    <property name="user.home" value="/home/p0w3r"/>
    <property name="user.language" value="en"/>
    <property name="java.specification.vendor" value="Oracle Corporation"/>
    <property name="java.home" value="/usr/lib/jvm/java-8-oracle/jre"/>
    <property name="basedir" value="/home/p0w3r/gitrepos/NLP_ThumbnailAnnotator/thumbnailAnnotator.parent/thumbnailAnnotator.core"/>
    <property name="file.separator" value="/"/>
    <property name="line.separator" value="&#10;"/>
    <property name="java.vm.specification.vendor" value="Oracle Corporation"/>
    <property name="java.specification.name" value="Java Platform API Specification"/>
    <property name="java.awt.graphicsenv" value="sun.awt.X11GraphicsEnvironment"/>
    <property name="surefire.real.class.path" value="/home/p0w3r/gitrepos/NLP_ThumbnailAnnotator/thumbnailAnnotator.parent/thumbnailAnnotator.core/target/surefire/surefirebooter6632763170977228126.jar"/>
    <property name="sun.boot.class.path" value="/usr/lib/jvm/java-8-oracle/jre/lib/resources.jar:/usr/lib/jvm/java-8-oracle/jre/lib/rt.jar:/usr/lib/jvm/java-8-oracle/jre/lib/sunrsasign.jar:/usr/lib/jvm/java-8-oracle/jre/lib/jsse.jar:/usr/lib/jvm/java-8-oracle/jre/lib/jce.jar:/usr/lib/jvm/java-8-oracle/jre/lib/charsets.jar:/usr/lib/jvm/java-8-oracle/jre/lib/jfr.jar:/usr/lib/jvm/java-8-oracle/jre/classes"/>
    <property name="sun.management.compiler" value="HotSpot 64-Bit Tiered Compilers"/>
    <property name="java.runtime.version" value="1.8.0_181-b13"/>
    <property name="user.name" value="p0w3r"/>
    <property name="path.separator" value=":"/>
    <property name="os.version" value="4.15.0-29-generic"/>
    <property name="java.endorsed.dirs" value="/usr/lib/jvm/java-8-oracle/jre/lib/endorsed"/>
    <property name="java.runtime.name" value="Java(TM) SE Runtime Environment"/>
    <property name="file.encoding" value="UTF-8"/>
    <property name="java.vm.name" value="Java HotSpot(TM) 64-Bit Server VM"/>
    <property name="localRepository" value="/home/p0w3r/.m2/repository"/>
    <property name="java.vendor.url.bug" value="http://bugreport.sun.com/bugreport/"/>
    <property name="java.io.tmpdir" value="/tmp"/>
    <property name="java.version" value="1.8.0_181"/>
    <property name="user.dir" value="/home/p0w3r/gitrepos/NLP_ThumbnailAnnotator/thumbnailAnnotator.parent/thumbnailAnnotator.core"/>
    <property name="os.arch" value="amd64"/>
    <property name="java.vm.specification.name" value="Java Virtual Machine Specification"/>
    <property name="java.awt.printerjob" value="sun.print.PSPrinterJob"/>
    <property name="sun.os.patch.level" value="unknown"/>
    <property name="java.library.path" value="/usr/java/packages/lib/amd64:/usr/lib64:/lib64:/lib:/usr/lib"/>
    <property name="java.vm.info" value="mixed mode"/>
    <property name="java.vendor" value="Oracle Corporation"/>
    <property name="java.vm.version" value="25.181-b13"/>
    <property name="java.ext.dirs" value="/usr/lib/jvm/java-8-oracle/jre/lib/ext:/usr/java/packages/lib/ext"/>
    <property name="sun.io.unicode.encoding" value="UnicodeLittle"/>
    <property name="java.class.version" value="52.0"/>
  </properties>
  <testcase name="basicQueryTest" classname="nlp.floschne.thumbnailAnnotator.core.thumbnailCrawler.source.ShutterstockSourceTest" time="2.664"/>
  <testcase name="multiWordQueryTest" classname="nlp.floschne.thumbnailAnnotator.core.thumbnailCrawler.source.ShutterstockSourceTest" time="1.125"/>
</testsuite>